{"name": "test_valid_login", "status": "failed", "statusDetails": {"message": "AssertionError: assert 'dashboardssa' in 'https://opensource-demo.orangehrmlive.com/web/index.php/dashboard/index'\n +  where 'https://opensource-demo.orangehrmlive.com/web/index.php/dashboard/index' = <selenium.webdriver.chrome.webdriver.WebDriver (session=\"81a32404f4cb03b486f3d12bceaee7f0\")>.current_url\n +    where <selenium.webdriver.chrome.webdriver.WebDriver (session=\"81a32404f4cb03b486f3d12bceaee7f0\")> = <tests.test_login.TestLogin object at 0x000002090A9AA350>.driver", "trace": "self = <tests.test_login.TestLogin object at 0x000002090A9AA350>\n\n    @allure.story(\"Valid Login and Edit Info\")\n    @allure.severity(allure.severity_level.CRITICAL)\n    def test_valid_login(self):\n        login_page = LoginPage(self.driver)\n        login_page.do_login(ConfigReader.get_username(), ConfigReader.get_password())\n>       assert \"dashboardssa\" in self.driver.current_url\nE       assert 'dashboardssa' in 'https://opensource-demo.orangehrmlive.com/web/index.php/dashboard/index'\nE        +  where 'https://opensource-demo.orangehrmlive.com/web/index.php/dashboard/index' = <selenium.webdriver.chrome.webdriver.WebDriver (session=\"81a32404f4cb03b486f3d12bceaee7f0\")>.current_url\nE        +    where <selenium.webdriver.chrome.webdriver.WebDriver (session=\"81a32404f4cb03b486f3d12bceaee7f0\")> = <tests.test_login.TestLogin object at 0x000002090A9AA350>.driver\n\ntests\\test_login.py:20: AssertionError"}, "attachments": [{"name": "stdout", "source": "4bc98884-1633-48a8-af11-780ed6c36627-attachment.txt", "type": "text/plain"}], "start": 1752589481163, "stop": 1752589483205, "uuid": "38d93879-9841-4284-8e15-0d3f209b2084", "historyId": "e7f254b9bfd5f2bc8d4a1ffa6dc7aebb", "testCaseId": "e7f254b9bfd5f2bc8d4a1ffa6dc7aebb", "fullName": "tests.test_login.TestLogin#test_valid_login", "labels": [{"name": "story", "value": "Valid Login and Edit Info"}, {"name": "feature", "value": "Login and Edit Employee Info"}, {"name": "severity", "value": "critical"}, {"name": "parentSuite", "value": "tests"}, {"name": "suite", "value": "test_login"}, {"name": "subSuite", "value": "TestLogin"}, {"name": "host", "value": "HPVictus_16"}, {"name": "thread", "value": "11992-MainThread"}, {"name": "framework", "value": "pytest"}, {"name": "language", "value": "cpython3"}, {"name": "package", "value": "tests.test_login"}]}