{"name": "test_checkout_3_items", "status": "broken", "statusDetails": {"message": "selenium.common.exceptions.TimeoutException: Message: \nStacktrace:\n\tGetHandleVerifier [0x0x7ff7a6abe935+77845]\n\tGetHandleVerifier [0x0x7ff7a6abe990+77936]\n\t(No symbol) [0x0x7ff7a6879cda]\n\t(No symbol) [0x0x7ff7a68d06aa]\n\t(No symbol) [0x0x7ff7a68d095c]\n\t(No symbol) [0x0x7ff7a6923d07]\n\t(No symbol) [0x0x7ff7a68f890f]\n\t(No symbol) [0x0x7ff7a6920b07]\n\t(No symbol) [0x0x7ff7a68f86a3]\n\t(No symbol) [0x0x7ff7a68c1791]\n\t(No symbol) [0x0x7ff7a68c2523]\n\tGetHandleVerifier [0x0x7ff7a6d9684d+3059501]\n\tGetHandleVerifier [0x0x7ff7a6d90c0d+3035885]\n\tGetHandleVerifier [0x0x7ff7a6db0400+3164896]\n\tGetHandleVerifier [0x0x7ff7a6ad8c3e+185118]\n\tGetHandleVerifier [0x0x7ff7a6ae054f+216111]\n\tGetHandleVerifier [0x0x7ff7a6ac72e4+113092]\n\tGetHandleVerifier [0x0x7ff7a6ac7499+113529]\n\tGetHandleVerifier [0x0x7ff7a6aae298+10616]\n\tBaseThreadInitThunk [0x0x7ffe3be4e8d7+23]\n\tRtlUserThreadStart [0x0x7ffe3d4bc34c+44]", "trace": "self = <tests.test_checkout.TestCheckout object at 0x000001F36942ED50>\n\n    def test_checkout_3_items(self):\n        login = LoginPage(self.driver)\n        inventory = InventoryPage(self.driver)\n        cart = CartPage(self.driver)\n        checkout = CheckoutPage(self.driver)\n    \n        login.do_login(ConfigReader.get_username(), ConfigReader.get_password())\n        inventory.close_password_warning_popup()\n    \n        with allure.step(\"Add 3 products to cart\"):\n            inventory.add_n_products_to_cart(3)\n    \n        with allure.step(\"Go to shopping cart\"):\n            inventory.click_shopping_cart_icon()\n    \n        with allure.step(\"Click on Checkout button\"):\n>           cart.click_checkout()\n\ntest_checkout.py:31: \n_ _ _ _ _ _ _ _ _ _ _ _ _ _ _ _ _ _ _ _ _ _ _ _ _ _ _ _ _ _ _ _ _ _ _ _ _ _ _ _ _ _ _ _ _ _ _ _ _ _ _ _ _ _\n..\\pages\\cart_page.py:11: in click_checkout\n    self.click(self.checkout_btn)\n..\\base\\base_page.py:34: in click\n    element = self.wait_for_element_clickable(locator)\n              ^^^^^^^^^^^^^^^^^^^^^^^^^^^^^^^^^^^^^^^^\n..\\base\\base_page.py:29: in wait_for_element_clickable\n    return WebDriverWait(self.driver, self.timeout).until(\n_ _ _ _ _ _ _ _ _ _ _ _ _ _ _ _ _ _ _ _ _ _ _ _ _ _ _ _ _ _ _ _ _ _ _ _ _ _ _ _ _ _ _ _ _ _ _ _ _ _ _ _ _ _\n\nself = <selenium.webdriver.support.wait.WebDriverWait (session=\"7b25ec8f901345e17d2cba6993fd4e73\")>\nmethod = <function element_to_be_clickable.<locals>._predicate at 0x000001F369247E20>, message = ''\n\n    def until(self, method: Callable[[D], Union[Literal[False], T]], message: str = \"\") -> T:\n        \"\"\"Wait until the method returns a value that is not False.\n    \n        Calls the method provided with the driver as an argument until the\n        return value does not evaluate to ``False``.\n    \n        Parameters:\n        -----------\n        method: callable(WebDriver)\n            - A callable object that takes a WebDriver instance as an argument.\n    \n        message: str\n            - Optional message for :exc:`TimeoutException`\n    \n        Return:\n        -------\n        object: T\n            - The result of the last call to `method`\n    \n        Raises:\n        -------\n        TimeoutException\n            - If 'method' does not return a truthy value within the WebDriverWait\n            object's timeout\n    \n        Example:\n        --------\n        >>> from selenium.webdriver.common.by import By\n        >>> from selenium.webdriver.support.ui import WebDriverWait\n        >>> from selenium.webdriver.support import expected_conditions as EC\n    \n        # Wait until an element is visible on the page\n        >>> wait = WebDriverWait(driver, 10)\n        >>> element = wait.until(EC.visibility_of_element_located((By.ID, \"exampleId\")))\n        >>> print(element.text)\n        \"\"\"\n        screen = None\n        stacktrace = None\n    \n        end_time = time.monotonic() + self._timeout\n        while True:\n            try:\n                value = method(self._driver)\n                if value:\n                    return value\n            except self._ignored_exceptions as exc:\n                screen = getattr(exc, \"screen\", None)\n                stacktrace = getattr(exc, \"stacktrace\", None)\n            if time.monotonic() > end_time:\n                break\n            time.sleep(self._poll)\n>       raise TimeoutException(message, screen, stacktrace)\nE       selenium.common.exceptions.TimeoutException: Message: \nE       Stacktrace:\nE       \tGetHandleVerifier [0x0x7ff7a6abe935+77845]\nE       \tGetHandleVerifier [0x0x7ff7a6abe990+77936]\nE       \t(No symbol) [0x0x7ff7a6879cda]\nE       \t(No symbol) [0x0x7ff7a68d06aa]\nE       \t(No symbol) [0x0x7ff7a68d095c]\nE       \t(No symbol) [0x0x7ff7a6923d07]\nE       \t(No symbol) [0x0x7ff7a68f890f]\nE       \t(No symbol) [0x0x7ff7a6920b07]\nE       \t(No symbol) [0x0x7ff7a68f86a3]\nE       \t(No symbol) [0x0x7ff7a68c1791]\nE       \t(No symbol) [0x0x7ff7a68c2523]\nE       \tGetHandleVerifier [0x0x7ff7a6d9684d+3059501]\nE       \tGetHandleVerifier [0x0x7ff7a6d90c0d+3035885]\nE       \tGetHandleVerifier [0x0x7ff7a6db0400+3164896]\nE       \tGetHandleVerifier [0x0x7ff7a6ad8c3e+185118]\nE       \tGetHandleVerifier [0x0x7ff7a6ae054f+216111]\nE       \tGetHandleVerifier [0x0x7ff7a6ac72e4+113092]\nE       \tGetHandleVerifier [0x0x7ff7a6ac7499+113529]\nE       \tGetHandleVerifier [0x0x7ff7a6aae298+10616]\nE       \tBaseThreadInitThunk [0x0x7ffe3be4e8d7+23]\nE       \tRtlUserThreadStart [0x0x7ffe3d4bc34c+44]\n\n..\\.venv\\Lib\\site-packages\\selenium\\webdriver\\support\\wait.py:138: TimeoutException"}, "steps": [{"name": "Add 3 products to cart", "status": "passed", "start": 1753606555716, "stop": 1753606555860}, {"name": "Go to shopping cart", "status": "passed", "start": 1753606555860, "stop": 1753606555923}, {"name": "Click on Checkout button", "status": "broken", "statusDetails": {"message": "selenium.common.exceptions.TimeoutException: Message: \nStacktrace:\n\tGetHandleVerifier [0x0x7ff7a6abe935+77845]\n\tGetHandleVerifier [0x0x7ff7a6abe990+77936]\n\t(No symbol) [0x0x7ff7a6879cda]\n\t(No symbol) [0x0x7ff7a68d06aa]\n\t(No symbol) [0x0x7ff7a68d095c]\n\t(No symbol) [0x0x7ff7a6923d07]\n\t(No symbol) [0x0x7ff7a68f890f]\n\t(No symbol) [0x0x7ff7a6920b07]\n\t(No symbol) [0x0x7ff7a68f86a3]\n\t(No symbol) [0x0x7ff7a68c1791]\n\t(No symbol) [0x0x7ff7a68c2523]\n\tGetHandleVerifier [0x0x7ff7a6d9684d+3059501]\n\tGetHandleVerifier [0x0x7ff7a6d90c0d+3035885]\n\tGetHandleVerifier [0x0x7ff7a6db0400+3164896]\n\tGetHandleVerifier [0x0x7ff7a6ad8c3e+185118]\n\tGetHandleVerifier [0x0x7ff7a6ae054f+216111]\n\tGetHandleVerifier [0x0x7ff7a6ac72e4+113092]\n\tGetHandleVerifier [0x0x7ff7a6ac7499+113529]\n\tGetHandleVerifier [0x0x7ff7a6aae298+10616]\n\tBaseThreadInitThunk [0x0x7ffe3be4e8d7+23]\n\tRtlUserThreadStart [0x0x7ffe3d4bc34c+44]\n\n", "trace": "  File \"D:\\Automation_w_Python\\Final_Automation_Project\\tests\\test_checkout.py\", line 31, in test_checkout_3_items\n    cart.click_checkout()\n    ~~~~~~~~~~~~~~~~~~~^^\n  File \"D:\\Automation_w_Python\\Final_Automation_Project\\pages\\cart_page.py\", line 11, in click_checkout\n    self.click(self.checkout_btn)\n    ~~~~~~~~~~^^^^^^^^^^^^^^^^^^^\n  File \"D:\\Automation_w_Python\\Final_Automation_Project\\base\\base_page.py\", line 34, in click\n    element = self.wait_for_element_clickable(locator)\n  File \"D:\\Automation_w_Python\\Final_Automation_Project\\base\\base_page.py\", line 29, in wait_for_element_clickable\n    return WebDriverWait(self.driver, self.timeout).until(\n           ~~~~~~~~~~~~~~~~~~~~~~~~~~~~~~~~~~~~~~~~~~~~~~^\n        EC.element_to_be_clickable(locator)\n        ^^^^^^^^^^^^^^^^^^^^^^^^^^^^^^^^^^^\n    )\n    ^\n  File \"D:\\Automation_w_Python\\Final_Automation_Project\\.venv\\Lib\\site-packages\\selenium\\webdriver\\support\\wait.py\", line 138, in until\n    raise TimeoutException(message, screen, stacktrace)\n"}, "start": 1753606555923, "stop": 1753606571319}], "start": 1753606553191, "stop": 1753606571323, "uuid": "d543f894-6821-4ae1-8173-ca7dc88adcd6", "historyId": "803acf04920980716cee9ad5683caf5b", "testCaseId": "803acf04920980716cee9ad5683caf5b", "fullName": "test_checkout.TestCheckout#test_checkout_3_items", "labels": [{"name": "severity", "value": "critical"}, {"name": "story", "value": "Successful Checkout with 3 Items"}, {"name": "feature", "value": "Checkout Process"}, {"name": "suite", "value": "test_checkout"}, {"name": "subSuite", "value": "TestCheckout"}, {"name": "host", "value": "HPVictus_16"}, {"name": "thread", "value": "13000-MainThread"}, {"name": "framework", "value": "pytest"}, {"name": "language", "value": "cpython3"}, {"name": "package", "value": "test_checkout"}], "titlePath": ["test_checkout.py", "TestCheckout"]}